0 info it worked if it ends with ok
1 verbose cli [ '/Users/omi/.nodebrew/node/v5.1.0/bin/node',
1 verbose cli   '/Users/omi/.nodebrew/current/bin/npm',
1 verbose cli   'install',
1 verbose cli   'foundation',
1 verbose cli   '--save' ]
2 info using npm@3.3.12
3 info using node@v5.1.0
4 silly loadCurrentTree Starting
5 silly install loadCurrentTree
6 silly install readLocalPackageData
7 silly fetchPackageMetaData foundation
8 silly fetchNamedPackageData foundation
9 silly mapToRegistry name foundation
10 silly mapToRegistry using default registry
11 silly mapToRegistry registry https://registry.npmjs.org/
12 silly mapToRegistry uri https://registry.npmjs.org/foundation
13 verbose request uri https://registry.npmjs.org/foundation
14 verbose request no auth needed
15 info attempt registry request try #1 at 15:11:18
16 verbose request id 990260157278354b
17 verbose etag "CQK16KY1S4O0S26TN8AVD5W0G"
18 http request GET https://registry.npmjs.org/foundation
19 http 304 https://registry.npmjs.org/foundation
20 verbose headers { date: 'Sat, 05 Mar 2016 06:11:16 GMT',
20 verbose headers   via: '1.1 varnish',
20 verbose headers   'cache-control': 'max-age=300',
20 verbose headers   etag: '"CQK16KY1S4O0S26TN8AVD5W0G"',
20 verbose headers   age: '35',
20 verbose headers   connection: 'keep-alive',
20 verbose headers   'x-served-by': 'cache-lax1424-LAX',
20 verbose headers   'x-cache': 'HIT',
20 verbose headers   'x-cache-hits': '1',
20 verbose headers   'x-timer': 'S1457158276.880487,VS0,VE0',
20 verbose headers   vary: 'Accept' }
21 silly get cb [ 304,
21 silly get   { date: 'Sat, 05 Mar 2016 06:11:16 GMT',
21 silly get     via: '1.1 varnish',
21 silly get     'cache-control': 'max-age=300',
21 silly get     etag: '"CQK16KY1S4O0S26TN8AVD5W0G"',
21 silly get     age: '35',
21 silly get     connection: 'keep-alive',
21 silly get     'x-served-by': 'cache-lax1424-LAX',
21 silly get     'x-cache': 'HIT',
21 silly get     'x-cache-hits': '1',
21 silly get     'x-timer': 'S1457158276.880487,VS0,VE0',
21 silly get     vary: 'Accept' } ]
22 verbose etag https://registry.npmjs.org/foundation from cache
23 verbose get saving foundation to /Users/omi/.npm/registry.npmjs.org/foundation/.cache.json
24 silly install normalizeTree
25 silly loadCurrentTree Finishing
26 silly loadIdealTree Starting
27 silly install loadIdealTree
28 silly cloneCurrentTree Starting
29 silly install cloneCurrentTreeToIdealTree
30 silly cloneCurrentTree Finishing
31 silly loadShrinkwrap Starting
32 silly install loadShrinkwrap
33 silly loadShrinkwrap Finishing
34 silly loadAllDepsIntoIdealTree Starting
35 silly install loadAllDepsIntoIdealTree
36 silly resolveWithNewModule foundation@4.1.6 checking installable status
37 silly cache add args [ 'foundation', null ]
38 verbose cache add spec foundation
39 silly cache add parsed spec Result {
39 silly cache add   raw: 'foundation',
39 silly cache add   scope: null,
39 silly cache add   name: 'foundation',
39 silly cache add   rawSpec: '',
39 silly cache add   spec: '*',
39 silly cache add   type: 'range' }
40 silly addNamed foundation@*
41 verbose addNamed "*" is a valid semver range for foundation
42 silly addNameRange { name: 'foundation', range: '*', hasData: false }
43 silly mapToRegistry name foundation
44 silly mapToRegistry using default registry
45 silly mapToRegistry registry https://registry.npmjs.org/
46 silly mapToRegistry uri https://registry.npmjs.org/foundation
47 verbose addNameRange registry:https://registry.npmjs.org/foundation not in flight; fetching
48 verbose get https://registry.npmjs.org/foundation not expired, no request
49 silly addNameRange number 2 { name: 'foundation', range: '*', hasData: true }
50 silly addNameRange versions [ 'foundation',
50 silly addNameRange   [ '4.0.0-wip',
50 silly addNameRange     '4.1.1',
50 silly addNameRange     '4.1.1-s1',
50 silly addNameRange     '4.1.1-s2',
50 silly addNameRange     '4.1.2',
50 silly addNameRange     '4.1.2-stylus1',
50 silly addNameRange     '4.1.2-stylus2',
50 silly addNameRange     '4.1.3',
50 silly addNameRange     '4.1.5',
50 silly addNameRange     '4.1.5-1',
50 silly addNameRange     '4.1.5-2',
50 silly addNameRange     '4.1.6',
50 silly addNameRange     '4.1.6-1',
50 silly addNameRange     '4.1.6-2',
50 silly addNameRange     '4.1.6-3',
50 silly addNameRange     '4.1.6-4',
50 silly addNameRange     '4.1.6-5',
50 silly addNameRange     '4.2.1',
50 silly addNameRange     '4.2.1-1' ] ]
51 silly addNamed foundation@4.2.1
52 verbose addNamed "4.2.1" is a plain semver version for foundation
53 silly cache afterAdd foundation@4.2.1
54 verbose afterAdd /Users/omi/.npm/foundation/4.2.1/package/package.json not in flight; writing
55 verbose afterAdd /Users/omi/.npm/foundation/4.2.1/package/package.json written
56 silly rollbackFailedOptional Starting
57 silly rollbackFailedOptional Finishing
58 silly runTopLevelLifecycles Starting
59 silly runTopLevelLifecycles Finishing
60 silly install printInstalled
61 verbose stack Error: Error extracting /Users/omi/.npm/foundation/4.1.6/package.tgz archive: ENOENT: no such file or directory, open '/Users/omi/.npm/foundation/4.1.6/package.tgz'
61 verbose stack     at ReadStream.<anonymous> (/Users/omi/.nodebrew/node/v5.1.0/lib/node_modules/npm/lib/fetch-package-metadata.js:286:10)
61 verbose stack     at emitOne (events.js:77:13)
61 verbose stack     at ReadStream.emit (events.js:169:7)
61 verbose stack     at /Users/omi/.nodebrew/node/v5.1.0/lib/node_modules/npm/node_modules/graceful-fs/graceful-fs.js:179:14
61 verbose stack     at /Users/omi/.nodebrew/node/v5.1.0/lib/node_modules/npm/node_modules/graceful-fs/graceful-fs.js:230:16
61 verbose stack     at FSReqWrap.oncomplete (fs.js:82:15)
62 verbose cwd /Users/omi/util-modules
63 error Darwin 14.5.0
64 error argv "/Users/omi/.nodebrew/node/v5.1.0/bin/node" "/Users/omi/.nodebrew/current/bin/npm" "install" "foundation" "--save"
65 error node v5.1.0
66 error npm  v3.3.12
67 error code EREADFILE
68 error Error extracting /Users/omi/.npm/foundation/4.1.6/package.tgz archive: ENOENT: no such file or directory, open '/Users/omi/.npm/foundation/4.1.6/package.tgz'
69 error If you need help, you may report this error at:
69 error     <https://github.com/npm/npm/issues>
70 verbose exit [ 1, true ]
